Build started 4/17/2016 3:46:15 AM.
     1>Project "E:\Gorillabox\ServerApplication\ServerApplication\ServerApplication.vcxproj" on node 2 (build target(s)).
     1>InitializeBuildStatus:
         Creating "Debug\ServerApplication.unsuccessfulbuild" because "AlwaysCreate" was specified.
       ClCompile:
         C:\Program Files (x86)\Microsoft Visual Studio 10.0\VC\bin\CL.exe /c /ZI /nologo /W3 /WX- /Od /Oy- /D WIN32 /D _DEBUG /D _CONSOLE /D _UNICODE /D UNICODE /Gm /EHsc /RTC1 /MDd /GS /fp:precise /Zc:wchar_t /Zc:forScope /Fo"Debug\\" /Fd"Debug\vc100.pdb" /Gd /TP /analyze- /errorReport:prompt Server.cpp
         Server.cpp
     1>e:\gorillabox\serverapplication\serverapplication\server.cpp(51): warning C4996: 'fopen': This function or variable may be unsafe. Consider using fopen_s instead. To disable deprecation, use _CRT_SECURE_NO_WARNINGS. See online help for details.
                 c:\program files (x86)\microsoft visual studio 10.0\vc\include\stdio.h(234) : see declaration of 'fopen'
       Link:
         C:\Program Files (x86)\Microsoft Visual Studio 10.0\VC\bin\link.exe /ERRORREPORT:PROMPT /OUT:"E:\Gorillabox\ServerApplication\Debug\ServerApplication.exe" /INCREMENTAL:NO /NOLOGO Ws2_32.lib kernel32.lib user32.lib gdi32.lib winspool.lib comdlg32.lib advapi32.lib shell32.lib ole32.lib oleaut32.lib uuid.lib odbc32.lib odbccp32.lib kernel32.lib user32.lib gdi32.lib winspool.lib comdlg32.lib advapi32.lib shell32.lib ole32.lib oleaut32.lib uuid.lib odbc32.lib odbccp32.lib /MANIFEST /ManifestFile:"Debug\ServerApplication.exe.intermediate.manifest" /MANIFESTUAC:"level='asInvoker' uiAccess='false'" /DEBUG /PDB:"E:\Gorillabox\ServerApplication\Debug\ServerApplication.pdb" /SUBSYSTEM:CONSOLE /TLBID:1 /DYNAMICBASE /NXCOMPAT /IMPLIB:"E:\Gorillabox\ServerApplication\Debug\ServerApplication.lib" /MACHINE:X86 Debug\Main.obj
         Debug\Server.obj
     1>Main.obj : warning LNK4075: ignoring '/EDITANDCONTINUE' due to '/INCREMENTAL:NO' specification
         ServerApplication.vcxproj -> E:\Gorillabox\ServerApplication\Debug\ServerApplication.exe
       Manifest:
         C:\Program Files (x86)\Microsoft SDKs\Windows\v7.0A\bin\mt.exe /nologo /verbose /outputresource:"E:\Gorillabox\ServerApplication\Debug\ServerApplication.exe;#1" /manifest Debug\ServerApplication.exe.intermediate.manifest
       FinalizeBuildStatus:
         Deleting file "Debug\ServerApplication.unsuccessfulbuild".
         Touching "Debug\ServerApplication.lastbuildstate".
     1>Done Building Project "E:\Gorillabox\ServerApplication\ServerApplication\ServerApplication.vcxproj" (build target(s)).

Build succeeded.

Time Elapsed 00:00:02.35
